[Oildata]
Version = 2
DIESEL              
 .8292
 11.5
 30
 0
 508.2
 129.6931
 20.3
 18.1
 .1
-999 
CONSERVATIVE TRACER
 .9
 1
 72
 0
 700
 900
 15
 16
 .01
-999999
LIGHT CRUDE OIL     
 .8217
 3.9
 16.3
 30
 403.3
 445.679
 10.4457
 13.4012
 .1
-999
MEDIUM CRUDE OIL    
 .8373
 33
 30
 70
 384.2
 494.21
 8
 12.55
 .1
-999
PRUDHOE BAY CRUDE   
 .8885
 35
 30
 70
 425.3
 630.1267
 4.5
 10.1
 .1
-999
HEAVY CRUDE OIL     
 .935
 450
 35
 80
 458.7
 682.8243
 6.2
 11.84
 .1
-999
BUNKER C FUEL OIL #6
 .9718
 3180
 39.8
 30
 582.3
 141.5119
 27.49
 22.0666
 .1
-999
JP-4(FUEL OIL No. 1)
 .751
 1
 17
 50
 368
 373
 7.5
 11.4
 .1
-999
BASRAH MEDIUM       
 .8698
 7.38
 30
 70
 307.2
 641.01
 3
 9.53
 .1
-999
HEAVY BENZINE       
 .7454
 4.421
 40
 0
 274.2
 147.9
 5.15
 13.56
 .1
-999
LIGHT BENZINE       
 .6404
 .089
 43.8
 0
 273
 136
 12
 16
 .1
-999
BERYL               
 .827
 2.77
 30
 60
 258.71
 642.71
 .79
 8.36
 .1
-999
BONNY LIGHT         
 .8408
 8.5
 30
 70
 265.21
 573.65
 2.18
 9.06
 .1
-999
BONNY MEDIUM        
 .9025
 36.48
 32
 70
 352.68
 532.52
 6.78
 11.49
 .1
-999
BRENT               
 .834
 12.92
 30
 60
 332.37
 385.31
 8.22
 12.18
 .1
-999
BRENT BLEND         
 .8346
 2.82
 30
 60
 271.01
 629.97
 1.54
 8.75
 .1
-999
BUCHAN              
 .858
 6.03
 30
 50
 325.25
 433.77
 7.12
 11.62
 .1
-999
DIESEL FUEL OIL     
 .851
 3.34
 28
 0
 517.6
 139.8
 20.3
 18.1
 .1
-999
FORTIES             
 .838
 3.39
 28
 70
 306.28
 457.77
 5.89
 10.98
 .1
-999
FORTIES BLEND       
 .8227
 1.96
 25
 10
 205.57
 587.74
-.83
 7.5
 .1
-999
FULMAR              
 .828
 7.11
 30
 0
 276.37
 410.86
 5.29
 10.63
 .1
-999
GASOLINE (LEADED)   
 .729
 .514
 18.6
 0
 320.13
 167
 11.16
 13.64
 .1
-999
GASOLINE (UNLEADED) 
 .729
 .514
 18.6
 0
 320.13
 167
 11.16
 13.64
 .1
-999
JET FUEL A-1        
 .8043
 .446
 38.4
 0
 439.34
 78.388
 17.94
 17.21
 .1
-999
KUWAIT              
 .8722
 8.3
 22.9
 90
 402.1
 700.6
 6.31
 11.33
 .1
-999
MONTROSE            
 .822
 2.43
 25
 75
 290.04
 489.45
 4.65
 10.33
 .1
-999
MARINE DIESEL FUEL  
 .869
 1.15
 20
 0
 453.77
 241.32
 15.99
 16.25
 .1
-999
Dubai Oil - DP Assay
 .8739
 11.17
 10
 74
 305.17
 650.39
 9.9
 11.9
 .001
 -30
Dubai Crude         
 .8702
 10.008
 30
 60
 390
 530
 8.5
 12.4
 .05
 -999
HFO 380             
 .971
 3180
 40
 26
 510
 770
 10.1
 13.4
 1
 -999
Lower Zakum         
 .8255
 3.19
 16.3
 0
 360
 620
 5.7
 11
 .1
 -999
